2026-04-08 19:16:41,243:WARNING:
'cuml' is a soft dependency and not included in the pycaret installation. Please run: `pip install cuml` to install.
2026-04-08 19:16:41,243:WARNING:
'cuml' is a soft dependency and not included in the pycaret installation. Please run: `pip install cuml` to install.
2026-04-08 19:16:41,243:WARNING:
'cuml' is a soft dependency and not included in the pycaret installation. Please run: `pip install cuml` to install.
2026-04-08 19:16:41,243:WARNING:
'cuml' is a soft dependency and not included in the pycaret installation. Please run: `pip install cuml` to install.
2026-04-08 19:16:46,037:INFO:PyCaret ClassificationExperiment
2026-04-08 19:16:46,037:INFO:Logging name: clf-default-name
2026-04-08 19:16:46,037:INFO:ML Usecase: MLUsecase.CLASSIFICATION
2026-04-08 19:16:46,037:INFO:version 3.3.2
2026-04-08 19:16:46,037:INFO:Initializing setup()
2026-04-08 19:16:46,037:INFO:self.USI: 669b
2026-04-08 19:16:46,037:INFO:self._variable_keys: {'seed', 'html_param', 'logging_param', 'idx', 'fix_imbalance', 'y_train', 'target_param', 'fold_shuffle_param', 'memory', 'pipeline', '_available_plots', 'n_jobs_param', 'fold_generator', 'X_train', 'data', 'log_plots_param', '_ml_usecase', 'USI', 'gpu_param', 'gpu_n_jobs_param', 'X', 'fold_groups_param', 'is_multiclass', 'exp_name_log', 'y_test', 'y', 'X_test', 'exp_id'}
2026-04-08 19:16:46,037:INFO:Checking environment
2026-04-08 19:16:46,037:INFO:python_version: 3.10.9
2026-04-08 19:16:46,037:INFO:python_build: ('tags/v3.10.9:1dd9be6', 'Dec  6 2022 20:01:21')
2026-04-08 19:16:46,037:INFO:machine: AMD64
2026-04-08 19:16:46,072:INFO:platform: Windows-10-10.0.26200-SP0
2026-04-08 19:16:46,072:INFO:Memory: svmem(total=16857817088, available=2343546880, percent=86.1, used=14514270208, free=2343546880)
2026-04-08 19:16:46,072:INFO:Physical Core: 8
2026-04-08 19:16:46,073:INFO:Logical Core: 12
2026-04-08 19:16:46,073:INFO:Checking libraries
2026-04-08 19:16:46,073:INFO:System:
2026-04-08 19:16:46,073:INFO:    python: 3.10.9 (tags/v3.10.9:1dd9be6, Dec  6 2022, 20:01:21) [MSC v.1934 64 bit (AMD64)]
2026-04-08 19:16:46,073:INFO:executable: C:\Users\lenovo\AppData\Local\Programs\Python\Python310\python.exe
2026-04-08 19:16:46,073:INFO:   machine: Windows-10-10.0.26200-SP0
2026-04-08 19:16:46,073:INFO:PyCaret required dependencies:
2026-04-08 19:16:46,156:INFO:                 pip: 26.0.1
2026-04-08 19:16:46,156:INFO:          setuptools: 65.5.0
2026-04-08 19:16:46,156:INFO:             pycaret: 3.3.2
2026-04-08 19:16:46,156:INFO:             IPython: 8.39.0
2026-04-08 19:16:46,156:INFO:          ipywidgets: 8.1.8
2026-04-08 19:16:46,156:INFO:                tqdm: 4.67.3
2026-04-08 19:16:46,156:INFO:               numpy: 1.26.4
2026-04-08 19:16:46,156:INFO:              pandas: 2.1.4
2026-04-08 19:16:46,156:INFO:              jinja2: 3.1.6
2026-04-08 19:16:46,156:INFO:               scipy: 1.11.4
2026-04-08 19:16:46,156:INFO:              joblib: 1.3.2
2026-04-08 19:16:46,156:INFO:             sklearn: 1.4.2
2026-04-08 19:16:46,156:INFO:                pyod: 2.0.7
2026-04-08 19:16:46,159:INFO:            imblearn: 0.14.1
2026-04-08 19:16:46,159:INFO:   category_encoders: 2.7.0
2026-04-08 19:16:46,159:INFO:            lightgbm: 4.6.0
2026-04-08 19:16:46,159:INFO:               numba: 0.65.0
2026-04-08 19:16:46,159:INFO:            requests: 2.33.1
2026-04-08 19:16:46,159:INFO:          matplotlib: 3.7.5
2026-04-08 19:16:46,159:INFO:          scikitplot: 0.3.7
2026-04-08 19:16:46,159:INFO:         yellowbrick: 1.5
2026-04-08 19:16:46,159:INFO:              plotly: 6.6.0
2026-04-08 19:16:46,159:INFO:    plotly-resampler: Not installed
2026-04-08 19:16:46,159:INFO:             kaleido: 1.2.0
2026-04-08 19:16:46,159:INFO:           schemdraw: 0.15
2026-04-08 19:16:46,159:INFO:         statsmodels: 0.14.6
2026-04-08 19:16:46,159:INFO:              sktime: 0.26.0
2026-04-08 19:16:46,159:INFO:               tbats: 1.1.3
2026-04-08 19:16:46,159:INFO:            pmdarima: 2.0.4
2026-04-08 19:16:46,159:INFO:              psutil: 7.2.2
2026-04-08 19:16:46,159:INFO:          markupsafe: 3.0.3
2026-04-08 19:16:46,159:INFO:             pickle5: Not installed
2026-04-08 19:16:46,159:INFO:         cloudpickle: 3.1.2
2026-04-08 19:16:46,159:INFO:         deprecation: 2.1.0
2026-04-08 19:16:46,159:INFO:              xxhash: 3.6.0
2026-04-08 19:16:46,159:INFO:           wurlitzer: Not installed
2026-04-08 19:16:46,159:INFO:PyCaret optional dependencies:
2026-04-08 19:16:54,258:INFO:                shap: Not installed
2026-04-08 19:16:54,258:INFO:           interpret: Not installed
2026-04-08 19:16:54,258:INFO:                umap: Not installed
2026-04-08 19:16:54,258:INFO:     ydata_profiling: Not installed
2026-04-08 19:16:54,258:INFO:  explainerdashboard: Not installed
2026-04-08 19:16:54,258:INFO:             autoviz: Not installed
2026-04-08 19:16:54,258:INFO:           fairlearn: Not installed
2026-04-08 19:16:54,258:INFO:          deepchecks: Not installed
2026-04-08 19:16:54,258:INFO:             xgboost: Not installed
2026-04-08 19:16:54,258:INFO:            catboost: Not installed
2026-04-08 19:16:54,258:INFO:              kmodes: Not installed
2026-04-08 19:16:54,258:INFO:             mlxtend: Not installed
2026-04-08 19:16:54,258:INFO:       statsforecast: Not installed
2026-04-08 19:16:54,258:INFO:        tune_sklearn: Not installed
2026-04-08 19:16:54,258:INFO:                 ray: Not installed
2026-04-08 19:16:54,258:INFO:            hyperopt: Not installed
2026-04-08 19:16:54,258:INFO:              optuna: Not installed
2026-04-08 19:16:54,258:INFO:               skopt: Not installed
2026-04-08 19:16:54,258:INFO:              mlflow: Not installed
2026-04-08 19:16:54,258:INFO:              gradio: 6.11.0
2026-04-08 19:16:54,258:INFO:             fastapi: 0.135.3
2026-04-08 19:16:54,258:INFO:             uvicorn: 0.43.0
2026-04-08 19:16:54,258:INFO:              m2cgen: Not installed
2026-04-08 19:16:54,258:INFO:           evidently: Not installed
2026-04-08 19:16:54,258:INFO:               fugue: Not installed
2026-04-08 19:16:54,258:INFO:           streamlit: Not installed
2026-04-08 19:16:54,258:INFO:             prophet: Not installed
2026-04-08 19:16:54,258:INFO:None
2026-04-08 19:16:54,258:INFO:Set up data.
2026-04-08 19:16:54,282:INFO:Set up folding strategy.
2026-04-08 19:16:54,282:INFO:Set up train/test split.
2026-04-08 19:16:54,375:INFO:Set up index.
2026-04-08 19:16:54,378:INFO:Assigning column types.
2026-04-08 19:16:54,386:INFO:Engine successfully changes for model 'lr' to 'sklearn'.
2026-04-08 19:16:54,432:INFO:Engine for model 'knn' has not been set explicitly, hence returning None.
2026-04-08 19:16:54,434:INFO:Engine for model 'rbfsvm' has not been set explicitly, hence returning None.
2026-04-08 19:16:54,470:WARNING:
'xgboost' is a soft dependency and not included in the pycaret installation. Please run: `pip install xgboost` to install.
Alternately, you can install this by running `pip install pycaret[models]`
2026-04-08 19:16:54,470:WARNING:
'catboost' is a soft dependency and not included in the pycaret installation. Please run: `pip install catboost` to install.
Alternately, you can install this by running `pip install pycaret[models]`
2026-04-08 19:16:54,497:INFO:Engine for model 'knn' has not been set explicitly, hence returning None.
2026-04-08 19:16:54,497:INFO:Engine for model 'rbfsvm' has not been set explicitly, hence returning None.
2026-04-08 19:16:54,527:WARNING:
'xgboost' is a soft dependency and not included in the pycaret installation. Please run: `pip install xgboost` to install.
Alternately, you can install this by running `pip install pycaret[models]`
2026-04-08 19:16:54,527:WARNING:
'catboost' is a soft dependency and not included in the pycaret installation. Please run: `pip install catboost` to install.
Alternately, you can install this by running `pip install pycaret[models]`
2026-04-08 19:16:54,527:INFO:Engine successfully changes for model 'knn' to 'sklearn'.
2026-04-08 19:16:54,560:INFO:Engine for model 'rbfsvm' has not been set explicitly, hence returning None.
2026-04-08 19:16:54,578:WARNING:
'xgboost' is a soft dependency and not included in the pycaret installation. Please run: `pip install xgboost` to install.
Alternately, you can install this by running `pip install pycaret[models]`
2026-04-08 19:16:54,578:WARNING:
'catboost' is a soft dependency and not included in the pycaret installation. Please run: `pip install catboost` to install.
Alternately, you can install this by running `pip install pycaret[models]`
2026-04-08 19:16:54,608:INFO:Engine for model 'rbfsvm' has not been set explicitly, hence returning None.
2026-04-08 19:16:54,626:WARNING:
'xgboost' is a soft dependency and not included in the pycaret installation. Please run: `pip install xgboost` to install.
Alternately, you can install this by running `pip install pycaret[models]`
2026-04-08 19:16:54,626:WARNING:
'catboost' is a soft dependency and not included in the pycaret installation. Please run: `pip install catboost` to install.
Alternately, you can install this by running `pip install pycaret[models]`
2026-04-08 19:16:54,626:INFO:Engine successfully changes for model 'rbfsvm' to 'sklearn'.
2026-04-08 19:16:54,689:WARNING:
'xgboost' is a soft dependency and not included in the pycaret installation. Please run: `pip install xgboost` to install.
Alternately, you can install this by running `pip install pycaret[models]`
2026-04-08 19:16:54,689:WARNING:
'catboost' is a soft dependency and not included in the pycaret installation. Please run: `pip install catboost` to install.
Alternately, you can install this by running `pip install pycaret[models]`
2026-04-08 19:16:54,752:WARNING:
'xgboost' is a soft dependency and not included in the pycaret installation. Please run: `pip install xgboost` to install.
Alternately, you can install this by running `pip install pycaret[models]`
2026-04-08 19:16:54,752:WARNING:
'catboost' is a soft dependency and not included in the pycaret installation. Please run: `pip install catboost` to install.
Alternately, you can install this by running `pip install pycaret[models]`
2026-04-08 19:16:54,784:INFO:Preparing preprocessing pipeline...
2026-04-08 19:16:54,784:INFO:Set up label encoding.
2026-04-08 19:16:54,784:INFO:Set up simple imputation.
2026-04-08 19:16:54,784:INFO:Set up text embedding.
2026-04-08 19:16:55,769:INFO:Finished creating preprocessing pipeline.
2026-04-08 19:16:55,773:INFO:Pipeline: Pipeline(memory=FastMemory(location=C:\Users\lenovo\AppData\Local\Temp\joblib),
         steps=[('label_encoding',
                 TransformerWrapperWithInverse(exclude=None, include=None,
                                               transformer=LabelEncoder())),
                ('numerical_imputer',
                 TransformerWrapper(exclude=None, include=[],
                                    transformer=SimpleImputer(add_indicator=False,
                                                              copy=True,
                                                              fill_value=None,
                                                              keep_empty_features=False...
                ('categorical_imputer',
                 TransformerWrapper(exclude=None, include=[],
                                    transformer=SimpleImputer(add_indicator=False,
                                                              copy=True,
                                                              fill_value=None,
                                                              keep_empty_features=False,
                                                              missing_values=nan,
                                                              strategy='most_frequent'))),
                ('text_embedding',
                 TransformerWrapper(exclude=None, include=['clean_review'],
                                    transformer=EmbedTextFeatures(kwargs=None,
                                                                  method='tf-idf')))],
         verbose=False)
2026-04-08 19:16:55,773:INFO:Creating final display dataframe.
2026-04-08 19:17:07,228:INFO:Setup _display_container:                        Description                     Value
0                       Session id                        42
1                           Target                 sentiment
2                      Target type                    Binary
3                   Target mapping  negative: 0, positive: 1
4              Original data shape                 (3980, 2)
5           Transformed data shape             (3980, 31296)
6      Transformed train set shape             (3184, 31296)
7       Transformed test set shape              (796, 31296)
8                    Text features                         1
9                       Preprocess                      True
10                 Imputation type                    simple
11              Numeric imputation                      mean
12          Categorical imputation                      mode
13  Text features embedding method                    tf-idf
14                  Fold Generator           StratifiedKFold
15                     Fold Number                        10
16                        CPU Jobs                        -1
17                         Use GPU                     False
18                  Log Experiment                     False
19                 Experiment Name          clf-default-name
20                             USI                      669b
2026-04-08 19:17:07,327:WARNING:
'xgboost' is a soft dependency and not included in the pycaret installation. Please run: `pip install xgboost` to install.
Alternately, you can install this by running `pip install pycaret[models]`
2026-04-08 19:17:07,327:WARNING:
'catboost' is a soft dependency and not included in the pycaret installation. Please run: `pip install catboost` to install.
Alternately, you can install this by running `pip install pycaret[models]`
2026-04-08 19:17:07,402:WARNING:
'xgboost' is a soft dependency and not included in the pycaret installation. Please run: `pip install xgboost` to install.
Alternately, you can install this by running `pip install pycaret[models]`
2026-04-08 19:17:07,402:WARNING:
'catboost' is a soft dependency and not included in the pycaret installation. Please run: `pip install catboost` to install.
Alternately, you can install this by running `pip install pycaret[models]`
2026-04-08 19:17:07,402:INFO:setup() successfully completed in 21.37s...............
2026-04-08 19:17:07,402:INFO:Initializing compare_models()
2026-04-08 19:17:07,402:INFO:compare_models(self=<pycaret.classification.oop.ClassificationExperiment object at 0x0000026FBCEA7820>, include=['lr', 'nb', 'svm'], fold=None, round=4, cross_validation=False, sort=F1, n_select=1, budget_time=None, turbo=True, errors=ignore, fit_kwargs=None, groups=None, experiment_custom_tags=None, probability_threshold=None, verbose=True, parallel=None, caller_params={'self': <pycaret.classification.oop.ClassificationExperiment object at 0x0000026FBCEA7820>, 'include': ['lr', 'nb', 'svm'], 'exclude': None, 'fold': None, 'round': 4, 'cross_validation': False, 'sort': 'F1', 'n_select': 1, 'budget_time': None, 'turbo': True, 'errors': 'ignore', 'fit_kwargs': None, 'groups': None, 'experiment_custom_tags': None, 'probability_threshold': None, 'engine': None, 'verbose': True, 'parallel': None, '__class__': <class 'pycaret.classification.oop.ClassificationExperiment'>}, exclude=None)
2026-04-08 19:17:07,402:INFO:Checking exceptions
2026-04-08 19:17:07,418:INFO:Preparing display monitor
2026-04-08 19:17:07,418:INFO:Initializing Logistic Regression
2026-04-08 19:17:07,418:INFO:Total runtime is 0.0 minutes
2026-04-08 19:17:07,418:INFO:SubProcess create_model() called ==================================
2026-04-08 19:17:07,433:INFO:Initializing create_model()
2026-04-08 19:17:07,433:INFO:create_model(self=<pycaret.classification.oop.ClassificationExperiment object at 0x0000026FBCEA7820>, estimator=lr, fold=StratifiedKFold(n_splits=10, random_state=None, shuffle=False), round=4, cross_validation=False, predict=True, fit_kwargs={}, groups=None, refit=False, probability_threshold=None, experiment_custom_tags=None, verbose=False, system=False, add_to_model_list=True, metrics=None, display=<pycaret.internal.display.display.CommonDisplay object at 0x0000026FDFFE6F20>, model_only=True, return_train_score=False, error_score=0.0, kwargs={})
2026-04-08 19:17:07,433:INFO:Checking exceptions
2026-04-08 19:17:07,433:INFO:Importing libraries
2026-04-08 19:17:07,433:INFO:Copying training dataset
2026-04-08 19:17:07,439:INFO:Defining folds
2026-04-08 19:17:07,439:INFO:Declaring metric variables
2026-04-08 19:17:07,439:INFO:Importing untrained model
2026-04-08 19:17:07,439:INFO:Logistic Regression Imported successfully
2026-04-08 19:17:07,473:INFO:Cross validation set to False
2026-04-08 19:17:07,473:INFO:Fitting Model
2026-04-08 19:17:13,156:INFO:Initializing predict_model()
2026-04-08 19:17:13,156:INFO:predict_model(self=<pycaret.classification.oop.ClassificationExperiment object at 0x0000026FBCEA7820>, estimator=Pipeline(memory=Memory(location=None),
         steps=[('label_encoding',
                 TransformerWrapperWithInverse(exclude=None, include=None,
                                               transformer=LabelEncoder())),
                ('numerical_imputer',
                 TransformerWrapper(exclude=None, include=[],
                                    transformer=SimpleImputer(add_indicator=False,
                                                              copy=True,
                                                              fill_value=None,
                                                              keep_empty_features=False,
                                                              missing_values=nan,
                                                              strategy='mean'))),
                ('...
                 TransformerWrapper(exclude=None, include=['clean_review'],
                                    transformer=EmbedTextFeatures(kwargs=None,
                                                                  method='tf-idf'))),
                ('actual_estimator',
                 LogisticRegression(C=1.0, class_weight=None, dual=False,
                                    fit_intercept=True, intercept_scaling=1,
                                    l1_ratio=None, max_iter=1000,
                                    multi_class='auto', n_jobs=None,
                                    penalty='l2', random_state=42,
                                    solver='lbfgs', tol=0.0001, verbose=0,
                                    warm_start=False))],
         verbose=False), probability_threshold=None, encoded_labels=False, raw_score=False, round=4, verbose=False, ml_usecase=None, preprocess=True, encode_labels=<function _SupervisedExperiment.predict_model.<locals>.encode_labels at 0x0000026FE10CB370>)
2026-04-08 19:17:13,156:INFO:Checking exceptions
2026-04-08 19:17:13,156:INFO:Preloading libraries
2026-04-08 19:17:16,265:INFO:_display_container: 2
2026-04-08 19:17:16,267:INFO:LogisticRegression(C=1.0, class_weight=None, dual=False, fit_intercept=True,
                   intercept_scaling=1, l1_ratio=None, max_iter=1000,
                   multi_class='auto', n_jobs=None, penalty='l2',
                   random_state=42, solver='lbfgs', tol=0.0001, verbose=0,
                   warm_start=False)
2026-04-08 19:17:16,267:INFO:create_model() successfully completed......................................
2026-04-08 19:17:16,352:INFO:SubProcess create_model() end ==================================
2026-04-08 19:17:16,352:INFO:Creating metrics dataframe
2026-04-08 19:17:16,368:INFO:Initializing Naive Bayes
2026-04-08 19:17:16,368:INFO:Total runtime is 0.1491776426633199 minutes
2026-04-08 19:17:16,368:INFO:SubProcess create_model() called ==================================
2026-04-08 19:17:16,368:INFO:Initializing create_model()
2026-04-08 19:17:16,368:INFO:create_model(self=<pycaret.classification.oop.ClassificationExperiment object at 0x0000026FBCEA7820>, estimator=nb, fold=StratifiedKFold(n_splits=10, random_state=None, shuffle=False), round=4, cross_validation=False, predict=True, fit_kwargs={}, groups=None, refit=False, probability_threshold=None, experiment_custom_tags=None, verbose=False, system=False, add_to_model_list=True, metrics=None, display=<pycaret.internal.display.display.CommonDisplay object at 0x0000026FDFFE6F20>, model_only=True, return_train_score=False, error_score=0.0, kwargs={})
2026-04-08 19:17:16,368:INFO:Checking exceptions
2026-04-08 19:17:16,368:INFO:Importing libraries
2026-04-08 19:17:16,368:INFO:Copying training dataset
2026-04-08 19:17:16,368:INFO:Defining folds
2026-04-08 19:17:16,368:INFO:Declaring metric variables
2026-04-08 19:17:16,368:INFO:Importing untrained model
2026-04-08 19:17:16,368:INFO:Naive Bayes Imported successfully
2026-04-08 19:17:16,391:INFO:Cross validation set to False
2026-04-08 19:17:16,391:INFO:Fitting Model
2026-04-08 19:17:21,766:INFO:Initializing predict_model()
2026-04-08 19:17:21,766:INFO:predict_model(self=<pycaret.classification.oop.ClassificationExperiment object at 0x0000026FBCEA7820>, estimator=Pipeline(memory=Memory(location=None),
         steps=[('label_encoding',
                 TransformerWrapperWithInverse(exclude=None, include=None,
                                               transformer=LabelEncoder())),
                ('numerical_imputer',
                 TransformerWrapper(exclude=None, include=[],
                                    transformer=SimpleImputer(add_indicator=False,
                                                              copy=True,
                                                              fill_value=None,
                                                              keep_empty_features=False,
                                                              missing_values=nan,
                                                              strategy='mean'))),
                ('...
                                    transformer=SimpleImputer(add_indicator=False,
                                                              copy=True,
                                                              fill_value=None,
                                                              keep_empty_features=False,
                                                              missing_values=nan,
                                                              strategy='most_frequent'))),
                ('text_embedding',
                 TransformerWrapper(exclude=None, include=['clean_review'],
                                    transformer=EmbedTextFeatures(kwargs=None,
                                                                  method='tf-idf'))),
                ('actual_estimator',
                 GaussianNB(priors=None, var_smoothing=1e-09))],
         verbose=False), probability_threshold=None, encoded_labels=False, raw_score=False, round=4, verbose=False, ml_usecase=None, preprocess=True, encode_labels=<function _SupervisedExperiment.predict_model.<locals>.encode_labels at 0x0000026FE10CAD40>)
2026-04-08 19:17:21,766:INFO:Checking exceptions
2026-04-08 19:17:21,766:INFO:Preloading libraries
2026-04-08 19:17:25,682:INFO:_display_container: 2
2026-04-08 19:17:25,682:INFO:GaussianNB(priors=None, var_smoothing=1e-09)
2026-04-08 19:17:25,682:INFO:create_model() successfully completed......................................
2026-04-08 19:17:25,786:INFO:SubProcess create_model() end ==================================
2026-04-08 19:17:25,786:INFO:Creating metrics dataframe
2026-04-08 19:17:25,818:INFO:Initializing SVM - Linear Kernel
2026-04-08 19:17:25,818:INFO:Total runtime is 0.30667643547058104 minutes
2026-04-08 19:17:25,818:INFO:SubProcess create_model() called ==================================
2026-04-08 19:17:25,818:INFO:Initializing create_model()
2026-04-08 19:17:25,818:INFO:create_model(self=<pycaret.classification.oop.ClassificationExperiment object at 0x0000026FBCEA7820>, estimator=svm, fold=StratifiedKFold(n_splits=10, random_state=None, shuffle=False), round=4, cross_validation=False, predict=True, fit_kwargs={}, groups=None, refit=False, probability_threshold=None, experiment_custom_tags=None, verbose=False, system=False, add_to_model_list=True, metrics=None, display=<pycaret.internal.display.display.CommonDisplay object at 0x0000026FDFFE6F20>, model_only=True, return_train_score=False, error_score=0.0, kwargs={})
2026-04-08 19:17:25,818:INFO:Checking exceptions
2026-04-08 19:17:25,818:INFO:Importing libraries
2026-04-08 19:17:25,818:INFO:Copying training dataset
2026-04-08 19:17:25,818:INFO:Defining folds
2026-04-08 19:17:25,834:INFO:Declaring metric variables
2026-04-08 19:17:25,834:INFO:Importing untrained model
2026-04-08 19:17:25,834:INFO:SVM - Linear Kernel Imported successfully
2026-04-08 19:17:25,880:INFO:Cross validation set to False
2026-04-08 19:17:25,880:INFO:Fitting Model
2026-04-08 19:17:34,229:INFO:Initializing predict_model()
2026-04-08 19:17:34,229:INFO:predict_model(self=<pycaret.classification.oop.ClassificationExperiment object at 0x0000026FBCEA7820>, estimator=Pipeline(memory=Memory(location=None),
         steps=[('label_encoding',
                 TransformerWrapperWithInverse(exclude=None, include=None,
                                               transformer=LabelEncoder())),
                ('numerical_imputer',
                 TransformerWrapper(exclude=None, include=[],
                                    transformer=SimpleImputer(add_indicator=False,
                                                              copy=True,
                                                              fill_value=None,
                                                              keep_empty_features=False,
                                                              missing_values=nan,
                                                              strategy='mean'))),
                ('...
                ('actual_estimator',
                 SGDClassifier(alpha=0.0001, average=False, class_weight=None,
                               early_stopping=False, epsilon=0.1, eta0=0.001,
                               fit_intercept=True, l1_ratio=0.15,
                               learning_rate='optimal', loss='hinge',
                               max_iter=1000, n_iter_no_change=5, n_jobs=-1,
                               penalty='l2', power_t=0.5, random_state=42,
                               shuffle=True, tol=0.001, validation_fraction=0.1,
                               verbose=0, warm_start=False))],
         verbose=False), probability_threshold=None, encoded_labels=False, raw_score=False, round=4, verbose=False, ml_usecase=None, preprocess=True, encode_labels=<function _SupervisedExperiment.predict_model.<locals>.encode_labels at 0x0000026FE10CACB0>)
2026-04-08 19:17:34,229:INFO:Checking exceptions
2026-04-08 19:17:34,229:INFO:Preloading libraries
2026-04-08 19:17:37,492:INFO:_display_container: 2
2026-04-08 19:17:37,492:INFO:SGDClassifier(alpha=0.0001, average=False, class_weight=None,
              early_stopping=False, epsilon=0.1, eta0=0.001, fit_intercept=True,
              l1_ratio=0.15, learning_rate='optimal', loss='hinge',
              max_iter=1000, n_iter_no_change=5, n_jobs=-1, penalty='l2',
              power_t=0.5, random_state=42, shuffle=True, tol=0.001,
              validation_fraction=0.1, verbose=0, warm_start=False)
2026-04-08 19:17:37,492:INFO:create_model() successfully completed......................................
2026-04-08 19:17:37,603:INFO:SubProcess create_model() end ==================================
2026-04-08 19:17:37,603:INFO:Creating metrics dataframe
2026-04-08 19:17:37,619:INFO:Initializing create_model()
2026-04-08 19:17:37,619:INFO:create_model(self=<pycaret.classification.oop.ClassificationExperiment object at 0x0000026FBCEA7820>, estimator=SGDClassifier(alpha=0.0001, average=False, class_weight=None,
              early_stopping=False, epsilon=0.1, eta0=0.001, fit_intercept=True,
              l1_ratio=0.15, learning_rate='optimal', loss='hinge',
              max_iter=1000, n_iter_no_change=5, n_jobs=-1, penalty='l2',
              power_t=0.5, random_state=42, shuffle=True, tol=0.001,
              validation_fraction=0.1, verbose=0, warm_start=False), fold=StratifiedKFold(n_splits=10, random_state=None, shuffle=False), round=4, cross_validation=False, predict=False, fit_kwargs={}, groups=None, refit=True, probability_threshold=None, experiment_custom_tags=None, verbose=False, system=False, add_to_model_list=True, metrics=None, display=None, model_only=True, return_train_score=False, error_score=0.0, kwargs={})
2026-04-08 19:17:37,619:INFO:Checking exceptions
2026-04-08 19:17:37,619:INFO:Importing libraries
2026-04-08 19:17:37,619:INFO:Copying training dataset
2026-04-08 19:17:37,619:INFO:Defining folds
2026-04-08 19:17:37,619:INFO:Declaring metric variables
2026-04-08 19:17:37,619:INFO:Importing untrained model
2026-04-08 19:17:37,619:INFO:Declaring custom model
2026-04-08 19:17:37,619:INFO:SVM - Linear Kernel Imported successfully
2026-04-08 19:17:37,654:INFO:Cross validation set to False
2026-04-08 19:17:37,654:INFO:Fitting Model
2026-04-08 19:17:45,974:INFO:SGDClassifier(alpha=0.0001, average=False, class_weight=None,
              early_stopping=False, epsilon=0.1, eta0=0.001, fit_intercept=True,
              l1_ratio=0.15, learning_rate='optimal', loss='hinge',
              max_iter=1000, n_iter_no_change=5, n_jobs=-1, penalty='l2',
              power_t=0.5, random_state=42, shuffle=True, tol=0.001,
              validation_fraction=0.1, verbose=0, warm_start=False)
2026-04-08 19:17:45,974:INFO:create_model() successfully completed......................................
2026-04-08 19:17:46,069:INFO:_master_model_container: 0
2026-04-08 19:17:46,069:INFO:_display_container: 2
2026-04-08 19:17:46,069:INFO:SGDClassifier(alpha=0.0001, average=False, class_weight=None,
              early_stopping=False, epsilon=0.1, eta0=0.001, fit_intercept=True,
              l1_ratio=0.15, learning_rate='optimal', loss='hinge',
              max_iter=1000, n_iter_no_change=5, n_jobs=-1, penalty='l2',
              power_t=0.5, random_state=42, shuffle=True, tol=0.001,
              validation_fraction=0.1, verbose=0, warm_start=False)
2026-04-08 19:17:46,069:INFO:compare_models() successfully completed......................................
2026-04-08 19:17:46,076:INFO:Initializing finalize_model()
2026-04-08 19:17:46,077:INFO:finalize_model(self=<pycaret.classification.oop.ClassificationExperiment object at 0x0000026FBCEA7820>, estimator=SGDClassifier(alpha=0.0001, average=False, class_weight=None,
              early_stopping=False, epsilon=0.1, eta0=0.001, fit_intercept=True,
              l1_ratio=0.15, learning_rate='optimal', loss='hinge',
              max_iter=1000, n_iter_no_change=5, n_jobs=-1, penalty='l2',
              power_t=0.5, random_state=42, shuffle=True, tol=0.001,
              validation_fraction=0.1, verbose=0, warm_start=False), fit_kwargs=None, groups=None, model_only=False, experiment_custom_tags=None)
2026-04-08 19:17:46,077:INFO:Finalizing SGDClassifier(alpha=0.0001, average=False, class_weight=None,
              early_stopping=False, epsilon=0.1, eta0=0.001, fit_intercept=True,
              l1_ratio=0.15, learning_rate='optimal', loss='hinge',
              max_iter=1000, n_iter_no_change=5, n_jobs=-1, penalty='l2',
              power_t=0.5, random_state=42, shuffle=True, tol=0.001,
              validation_fraction=0.1, verbose=0, warm_start=False)
2026-04-08 19:17:46,080:INFO:Initializing create_model()
2026-04-08 19:17:46,080:INFO:create_model(self=<pycaret.classification.oop.ClassificationExperiment object at 0x0000026FBCEA7820>, estimator=SGDClassifier(alpha=0.0001, average=False, class_weight=None,
              early_stopping=False, epsilon=0.1, eta0=0.001, fit_intercept=True,
              l1_ratio=0.15, learning_rate='optimal', loss='hinge',
              max_iter=1000, n_iter_no_change=5, n_jobs=-1, penalty='l2',
              power_t=0.5, random_state=42, shuffle=True, tol=0.001,
              validation_fraction=0.1, verbose=0, warm_start=False), fold=None, round=4, cross_validation=False, predict=False, fit_kwargs={}, groups=None, refit=True, probability_threshold=None, experiment_custom_tags=None, verbose=False, system=False, add_to_model_list=False, metrics=None, display=None, model_only=False, return_train_score=False, error_score=0.0, kwargs={})
2026-04-08 19:17:46,080:INFO:Checking exceptions
2026-04-08 19:17:46,080:INFO:Importing libraries
2026-04-08 19:17:46,080:INFO:Copying training dataset
2026-04-08 19:17:46,080:INFO:Defining folds
2026-04-08 19:17:46,080:INFO:Declaring metric variables
2026-04-08 19:17:46,080:INFO:Importing untrained model
2026-04-08 19:17:46,080:INFO:Declaring custom model
2026-04-08 19:17:46,080:INFO:SVM - Linear Kernel Imported successfully
2026-04-08 19:17:46,111:INFO:Cross validation set to False
2026-04-08 19:17:46,111:INFO:Fitting Model
2026-04-08 19:17:57,983:INFO:Pipeline(memory=Memory(location=None),
         steps=[('label_encoding',
                 TransformerWrapperWithInverse(exclude=None, include=None,
                                               transformer=LabelEncoder())),
                ('numerical_imputer',
                 TransformerWrapper(exclude=None, include=[],
                                    transformer=SimpleImputer(add_indicator=False,
                                                              copy=True,
                                                              fill_value=None,
                                                              keep_empty_features=False,
                                                              missing_values=nan,
                                                              strategy='mean'))),
                ('...
                ('actual_estimator',
                 SGDClassifier(alpha=0.0001, average=False, class_weight=None,
                               early_stopping=False, epsilon=0.1, eta0=0.001,
                               fit_intercept=True, l1_ratio=0.15,
                               learning_rate='optimal', loss='hinge',
                               max_iter=1000, n_iter_no_change=5, n_jobs=-1,
                               penalty='l2', power_t=0.5, random_state=42,
                               shuffle=True, tol=0.001, validation_fraction=0.1,
                               verbose=0, warm_start=False))],
         verbose=False)
2026-04-08 19:17:57,983:INFO:create_model() successfully completed......................................
2026-04-08 19:17:58,077:INFO:_master_model_container: 0
2026-04-08 19:17:58,077:INFO:_display_container: 2
2026-04-08 19:17:58,077:INFO:Pipeline(memory=Memory(location=None),
         steps=[('label_encoding',
                 TransformerWrapperWithInverse(exclude=None, include=None,
                                               transformer=LabelEncoder())),
                ('numerical_imputer',
                 TransformerWrapper(exclude=None, include=[],
                                    transformer=SimpleImputer(add_indicator=False,
                                                              copy=True,
                                                              fill_value=None,
                                                              keep_empty_features=False,
                                                              missing_values=nan,
                                                              strategy='mean'))),
                ('...
                ('actual_estimator',
                 SGDClassifier(alpha=0.0001, average=False, class_weight=None,
                               early_stopping=False, epsilon=0.1, eta0=0.001,
                               fit_intercept=True, l1_ratio=0.15,
                               learning_rate='optimal', loss='hinge',
                               max_iter=1000, n_iter_no_change=5, n_jobs=-1,
                               penalty='l2', power_t=0.5, random_state=42,
                               shuffle=True, tol=0.001, validation_fraction=0.1,
                               verbose=0, warm_start=False))],
         verbose=False)
2026-04-08 19:17:58,077:INFO:finalize_model() successfully completed......................................
2026-04-08 19:17:58,157:INFO:Initializing save_model()
2026-04-08 19:17:58,157:INFO:save_model(model=Pipeline(memory=Memory(location=None),
         steps=[('label_encoding',
                 TransformerWrapperWithInverse(exclude=None, include=None,
                                               transformer=LabelEncoder())),
                ('numerical_imputer',
                 TransformerWrapper(exclude=None, include=[],
                                    transformer=SimpleImputer(add_indicator=False,
                                                              copy=True,
                                                              fill_value=None,
                                                              keep_empty_features=False,
                                                              missing_values=nan,
                                                              strategy='mean'))),
                ('...
                ('actual_estimator',
                 SGDClassifier(alpha=0.0001, average=False, class_weight=None,
                               early_stopping=False, epsilon=0.1, eta0=0.001,
                               fit_intercept=True, l1_ratio=0.15,
                               learning_rate='optimal', loss='hinge',
                               max_iter=1000, n_iter_no_change=5, n_jobs=-1,
                               penalty='l2', power_t=0.5, random_state=42,
                               shuffle=True, tol=0.001, validation_fraction=0.1,
                               verbose=0, warm_start=False))],
         verbose=False), model_name=D:\imdb_sentiment_project\pba2026-kelompok-3\models\best_model, prep_pipe_=Pipeline(memory=FastMemory(location=C:\Users\lenovo\AppData\Local\Temp\joblib),
         steps=[('label_encoding',
                 TransformerWrapperWithInverse(exclude=None, include=None,
                                               transformer=LabelEncoder())),
                ('numerical_imputer',
                 TransformerWrapper(exclude=None, include=[],
                                    transformer=SimpleImputer(add_indicator=False,
                                                              copy=True,
                                                              fill_value=None,
                                                              keep_empty_features=False...
                ('categorical_imputer',
                 TransformerWrapper(exclude=None, include=[],
                                    transformer=SimpleImputer(add_indicator=False,
                                                              copy=True,
                                                              fill_value=None,
                                                              keep_empty_features=False,
                                                              missing_values=nan,
                                                              strategy='most_frequent'))),
                ('text_embedding',
                 TransformerWrapper(exclude=None, include=['clean_review'],
                                    transformer=EmbedTextFeatures(kwargs=None,
                                                                  method='tf-idf')))],
         verbose=False), verbose=True, use_case=MLUsecase.CLASSIFICATION, kwargs={})
2026-04-08 19:17:58,157:INFO:Adding model into prep_pipe
2026-04-08 19:17:58,157:WARNING:Only Model saved as it was a pipeline.
2026-04-08 19:17:58,306:INFO:D:\imdb_sentiment_project\pba2026-kelompok-3\models\best_model.pkl saved in current working directory
2026-04-08 19:17:58,306:INFO:Pipeline(memory=Memory(location=None),
         steps=[('label_encoding',
                 TransformerWrapperWithInverse(exclude=None, include=None,
                                               transformer=LabelEncoder())),
                ('numerical_imputer',
                 TransformerWrapper(exclude=None, include=[],
                                    transformer=SimpleImputer(add_indicator=False,
                                                              copy=True,
                                                              fill_value=None,
                                                              keep_empty_features=False,
                                                              missing_values=nan,
                                                              strategy='mean'))),
                ('...
                ('actual_estimator',
                 SGDClassifier(alpha=0.0001, average=False, class_weight=None,
                               early_stopping=False, epsilon=0.1, eta0=0.001,
                               fit_intercept=True, l1_ratio=0.15,
                               learning_rate='optimal', loss='hinge',
                               max_iter=1000, n_iter_no_change=5, n_jobs=-1,
                               penalty='l2', power_t=0.5, random_state=42,
                               shuffle=True, tol=0.001, validation_fraction=0.1,
                               verbose=0, warm_start=False))],
         verbose=False)
2026-04-08 19:17:58,306:INFO:save_model() successfully completed......................................
